
*** Running vivado
    with args -log code.vds -m64 -product Vivado -mode batch -messageDb vivado.pb -notrace -source code.tcl


****** Vivado v2018.3 (64-bit)
  **** SW Build 2405991 on Thu Dec  6 23:38:27 MST 2018
  **** IP Build 2404404 on Fri Dec  7 01:43:56 MST 2018
    ** Copyright 1986-2018 Xilinx, Inc. All Rights Reserved.

source code.tcl -notrace
Command: synth_design -top code -part xc7a200tfbg484-1
Starting synth_design
Attempting to get a license for feature 'Synthesis' and/or device 'xc7a200t'
INFO: [Common 17-349] Got license for feature 'Synthesis' and/or device 'xc7a200t'
INFO: Launching helper process for spawning children vivado processes
INFO: Helper process launched with PID 11852 
---------------------------------------------------------------------------------
Starting Synthesize : Time (s): cpu = 00:00:03 ; elapsed = 00:00:04 . Memory (MB): peak = 342.633 ; gain = 94.078
---------------------------------------------------------------------------------
INFO: [Synth 8-638] synthesizing module 'code' [C:/Users/Giuseppe Luzzi/OneDrive - Politecnico di Milano/Terzo anno 18-19/Reti Logiche/Progetto/Sources/Progetto_Reti_Logiche_2018_2019/Progetto_Reti_Logiche_2018_2019.srcs/sources_1/new/code.vhd:30]
ERROR: [Synth 8-690] width mismatch in assignment; target has 16 bits, source has 8 bits [C:/Users/Giuseppe Luzzi/OneDrive - Politecnico di Milano/Terzo anno 18-19/Reti Logiche/Progetto/Sources/Progetto_Reti_Logiche_2018_2019/Progetto_Reti_Logiche_2018_2019.srcs/sources_1/new/code.vhd:135]
WARNING: [Synth 8-614] signal 'current_x' is read in the process but is not in the sensitivity list [C:/Users/Giuseppe Luzzi/OneDrive - Politecnico di Milano/Terzo anno 18-19/Reti Logiche/Progetto/Sources/Progetto_Reti_Logiche_2018_2019/Progetto_Reti_Logiche_2018_2019.srcs/sources_1/new/code.vhd:98]
WARNING: [Synth 8-614] signal 'current_y' is read in the process but is not in the sensitivity list [C:/Users/Giuseppe Luzzi/OneDrive - Politecnico di Milano/Terzo anno 18-19/Reti Logiche/Progetto/Sources/Progetto_Reti_Logiche_2018_2019/Progetto_Reti_Logiche_2018_2019.srcs/sources_1/new/code.vhd:98]
WARNING: [Synth 8-614] signal 'pos_x' is read in the process but is not in the sensitivity list [C:/Users/Giuseppe Luzzi/OneDrive - Politecnico di Milano/Terzo anno 18-19/Reti Logiche/Progetto/Sources/Progetto_Reti_Logiche_2018_2019/Progetto_Reti_Logiche_2018_2019.srcs/sources_1/new/code.vhd:98]
WARNING: [Synth 8-614] signal 'pos_y' is read in the process but is not in the sensitivity list [C:/Users/Giuseppe Luzzi/OneDrive - Politecnico di Milano/Terzo anno 18-19/Reti Logiche/Progetto/Sources/Progetto_Reti_Logiche_2018_2019/Progetto_Reti_Logiche_2018_2019.srcs/sources_1/new/code.vhd:98]
WARNING: [Synth 8-614] signal 'min_distance' is read in the process but is not in the sensitivity list [C:/Users/Giuseppe Luzzi/OneDrive - Politecnico di Milano/Terzo anno 18-19/Reti Logiche/Progetto/Sources/Progetto_Reti_Logiche_2018_2019/Progetto_Reti_Logiche_2018_2019.srcs/sources_1/new/code.vhd:98]
WARNING: [Synth 8-614] signal 'current_distance' is read in the process but is not in the sensitivity list [C:/Users/Giuseppe Luzzi/OneDrive - Politecnico di Milano/Terzo anno 18-19/Reti Logiche/Progetto/Sources/Progetto_Reti_Logiche_2018_2019/Progetto_Reti_Logiche_2018_2019.srcs/sources_1/new/code.vhd:98]
WARNING: [Synth 8-614] signal 'mask' is read in the process but is not in the sensitivity list [C:/Users/Giuseppe Luzzi/OneDrive - Politecnico di Milano/Terzo anno 18-19/Reti Logiche/Progetto/Sources/Progetto_Reti_Logiche_2018_2019/Progetto_Reti_Logiche_2018_2019.srcs/sources_1/new/code.vhd:98]
WARNING: [Synth 8-614] signal 'current_mask' is read in the process but is not in the sensitivity list [C:/Users/Giuseppe Luzzi/OneDrive - Politecnico di Milano/Terzo anno 18-19/Reti Logiche/Progetto/Sources/Progetto_Reti_Logiche_2018_2019/Progetto_Reti_Logiche_2018_2019.srcs/sources_1/new/code.vhd:98]
WARNING: [Synth 8-614] signal 'config_cursor' is read in the process but is not in the sensitivity list [C:/Users/Giuseppe Luzzi/OneDrive - Politecnico di Milano/Terzo anno 18-19/Reti Logiche/Progetto/Sources/Progetto_Reti_Logiche_2018_2019/Progetto_Reti_Logiche_2018_2019.srcs/sources_1/new/code.vhd:98]
WARNING: [Synth 8-614] signal 'output_mask' is read in the process but is not in the sensitivity list [C:/Users/Giuseppe Luzzi/OneDrive - Politecnico di Milano/Terzo anno 18-19/Reti Logiche/Progetto/Sources/Progetto_Reti_Logiche_2018_2019/Progetto_Reti_Logiche_2018_2019.srcs/sources_1/new/code.vhd:98]
WARNING: [Synth 8-614] signal 'i_start' is read in the process but is not in the sensitivity list [C:/Users/Giuseppe Luzzi/OneDrive - Politecnico di Milano/Terzo anno 18-19/Reti Logiche/Progetto/Sources/Progetto_Reti_Logiche_2018_2019/Progetto_Reti_Logiche_2018_2019.srcs/sources_1/new/code.vhd:98]
ERROR: [Synth 8-285] failed synthesizing module 'code' [C:/Users/Giuseppe Luzzi/OneDrive - Politecnico di Milano/Terzo anno 18-19/Reti Logiche/Progetto/Sources/Progetto_Reti_Logiche_2018_2019/Progetto_Reti_Logiche_2018_2019.srcs/sources_1/new/code.vhd:30]
---------------------------------------------------------------------------------
Finished Synthesize : Time (s): cpu = 00:00:04 ; elapsed = 00:00:06 . Memory (MB): peak = 398.953 ; gain = 150.398
---------------------------------------------------------------------------------
synthesize failed
INFO: [Common 17-83] Releasing license: Synthesis
3 Infos, 11 Warnings, 0 Critical Warnings and 3 Errors encountered.
synth_design failed
ERROR: [Common 17-69] Command failed: Vivado Synthesis failed
INFO: [Common 17-206] Exiting Vivado at Tue Feb 26 19:27:43 2019...
